2020-04-19 00:38:18 [scrapy.utils.log] INFO: Scrapy 2.0.1 started (bot: scrapy_demo03)
2020-04-19 00:38:18 [scrapy.utils.log] INFO: Versions: lxml 4.5.0.0, libxml2 2.9.5, cssselect 1.1.0, parsel 1.5.2, w3lib 1.21.0, Twisted 20.3.0, Python 3.7.2 (tags/v3.7.2:9a3ffc0492, Dec 23 2018, 23:09:28) [MSC v.1916 64 bit (AMD64)], pyOpenSSL 19.1.0 (OpenSSL 1.1.1f  31 Mar 2020), cryptography 2.9, Platform Windows-7-6.1.7601-SP1
2020-04-19 00:38:18 [scrapy.crawler] INFO: Overridden settings:
{'BOT_NAME': 'scrapy_demo03',
 'LOG_FILE': './info.log',
 'LOG_LEVEL': 'INFO',
 'NEWSPIDER_MODULE': 'scrapy_demo03.spiders',
 'SPIDER_MODULES': ['scrapy_demo03.spiders'],
 'USER_AGENT': 'Mozilla/5.0 (X11; CrOS i686 3912.101.0) AppleWebKit/537.36 '
               '(KHTML, like Gecko) Chrome/27.0.1453.116 Safari/537.36'}
2020-04-19 00:38:18 [scrapy.extensions.telnet] INFO: Telnet Password: f71bf08d3c7a59ff
2020-04-19 00:38:18 [scrapy.middleware] INFO: Enabled extensions:
['scrapy.extensions.corestats.CoreStats',
 'scrapy.extensions.telnet.TelnetConsole',
 'scrapy.extensions.logstats.LogStats']
2020-04-19 00:38:19 [scrapy.middleware] INFO: Enabled downloader middlewares:
['scrapy.downloadermiddlewares.httpauth.HttpAuthMiddleware',
 'scrapy.downloadermiddlewares.downloadtimeout.DownloadTimeoutMiddleware',
 'scrapy.downloadermiddlewares.defaultheaders.DefaultHeadersMiddleware',
 'scrapy.downloadermiddlewares.useragent.UserAgentMiddleware',
 'scrapy.downloadermiddlewares.retry.RetryMiddleware',
 'scrapy.downloadermiddlewares.redirect.MetaRefreshMiddleware',
 'scrapy.downloadermiddlewares.httpcompression.HttpCompressionMiddleware',
 'scrapy.downloadermiddlewares.redirect.RedirectMiddleware',
 'scrapy.downloadermiddlewares.cookies.CookiesMiddleware',
 'scrapy.downloadermiddlewares.httpproxy.HttpProxyMiddleware',
 'scrapy.downloadermiddlewares.stats.DownloaderStats']
2020-04-19 00:38:19 [scrapy.middleware] INFO: Enabled spider middlewares:
['scrapy.spidermiddlewares.httperror.HttpErrorMiddleware',
 'scrapy.spidermiddlewares.offsite.OffsiteMiddleware',
 'scrapy.spidermiddlewares.referer.RefererMiddleware',
 'scrapy.spidermiddlewares.urllength.UrlLengthMiddleware',
 'scrapy.spidermiddlewares.depth.DepthMiddleware']
2020-04-19 00:38:19 [scrapy.middleware] INFO: Enabled item pipelines:
[]
2020-04-19 00:38:19 [scrapy.core.engine] INFO: Spider opened
2020-04-19 00:38:19 [scrapy.extensions.logstats] INFO: Crawled 0 pages (at 0 pages/min), scraped 0 items (at 0 items/min)
2020-04-19 00:38:19 [scrapy.extensions.telnet] INFO: Telnet console listening on 127.0.0.1:6023
2020-04-19 00:38:20 [scrapy.core.scraper] ERROR: Spider error processing <GET https://github.com/login> (referer: None)
Traceback (most recent call last):
  File "d:\python\envs\system_env\lib\site-packages\scrapy\utils\defer.py", line 117, in iter_errback
    yield next(it)
  File "d:\python\envs\system_env\lib\site-packages\scrapy\utils\python.py", line 345, in __next__
    return next(self.data)
  File "d:\python\envs\system_env\lib\site-packages\scrapy\utils\python.py", line 345, in __next__
    return next(self.data)
  File "d:\python\envs\system_env\lib\site-packages\scrapy\core\spidermw.py", line 64, in _evaluate_iterable
    for r in iterable:
  File "d:\python\envs\system_env\lib\site-packages\scrapy\spidermiddlewares\offsite.py", line 29, in process_spider_output
    for x in result:
  File "d:\python\envs\system_env\lib\site-packages\scrapy\core\spidermw.py", line 64, in _evaluate_iterable
    for r in iterable:
  File "d:\python\envs\system_env\lib\site-packages\scrapy\spidermiddlewares\referer.py", line 338, in <genexpr>
    return (_set_referer(r) for r in result or ())
  File "d:\python\envs\system_env\lib\site-packages\scrapy\core\spidermw.py", line 64, in _evaluate_iterable
    for r in iterable:
  File "d:\python\envs\system_env\lib\site-packages\scrapy\spidermiddlewares\urllength.py", line 37, in <genexpr>
    return (r for r in result or () if _filter(r))
  File "d:\python\envs\system_env\lib\site-packages\scrapy\core\spidermw.py", line 64, in _evaluate_iterable
    for r in iterable:
  File "d:\python\envs\system_env\lib\site-packages\scrapy\spidermiddlewares\depth.py", line 58, in <genexpr>
    return (r for r in result or () if _filter(r))
  File "d:\python\envs\system_env\lib\site-packages\scrapy\core\spidermw.py", line 64, in _evaluate_iterable
    for r in iterable:
  File "D:\python\py_workspace\scrapy_practice\scrapy_demo03\scrapy_demo03\spiders\github2.py", line 42, in parse
    yield scrapy.FormRequest(login_url, formdata=formdata, callback=self.login_parse, dont_filter=True)
  File "d:\python\envs\system_env\lib\site-packages\scrapy\http\request\form.py", line 31, in __init__
    querystr = _urlencode(items, self.encoding)
  File "d:\python\envs\system_env\lib\site-packages\scrapy\http\request\form.py", line 72, in _urlencode
    for k, vs in seq
  File "d:\python\envs\system_env\lib\site-packages\scrapy\http\request\form.py", line 73, in <listcomp>
    for v in (vs if is_listlike(vs) else [vs])]
  File "d:\python\envs\system_env\lib\site-packages\scrapy\utils\python.py", line 105, in to_bytes
    'object, got %s' % type(text).__name__)
TypeError: to_bytes must receive a str or bytes object, got NoneType
2020-04-19 00:38:20 [scrapy.core.engine] INFO: Closing spider (finished)
2020-04-19 00:38:20 [scrapy.statscollectors] INFO: Dumping Scrapy stats:
{'downloader/request_bytes': 294,
 'downloader/request_count': 1,
 'downloader/request_method_count/GET': 1,
 'downloader/response_bytes': 9608,
 'downloader/response_count': 1,
 'downloader/response_status_count/200': 1,
 'elapsed_time_seconds': 0.918,
 'finish_reason': 'finished',
 'finish_time': datetime.datetime(2020, 4, 18, 16, 38, 20, 214000),
 'log_count/ERROR': 1,
 'log_count/INFO': 10,
 'response_received_count': 1,
 'scheduler/dequeued': 1,
 'scheduler/dequeued/memory': 1,
 'scheduler/enqueued': 1,
 'scheduler/enqueued/memory': 1,
 'spider_exceptions/TypeError': 1,
 'start_time': datetime.datetime(2020, 4, 18, 16, 38, 19, 296000)}
2020-04-19 00:38:20 [scrapy.core.engine] INFO: Spider closed (finished)
2020-04-19 00:40:40 [scrapy.utils.log] INFO: Scrapy 2.0.1 started (bot: scrapy_demo03)
2020-04-19 00:40:40 [scrapy.utils.log] INFO: Versions: lxml 4.5.0.0, libxml2 2.9.5, cssselect 1.1.0, parsel 1.5.2, w3lib 1.21.0, Twisted 20.3.0, Python 3.7.2 (tags/v3.7.2:9a3ffc0492, Dec 23 2018, 23:09:28) [MSC v.1916 64 bit (AMD64)], pyOpenSSL 19.1.0 (OpenSSL 1.1.1f  31 Mar 2020), cryptography 2.9, Platform Windows-7-6.1.7601-SP1
2020-04-19 00:40:40 [scrapy.crawler] INFO: Overridden settings:
{'BOT_NAME': 'scrapy_demo03',
 'LOG_FILE': './info.log',
 'LOG_LEVEL': 'INFO',
 'NEWSPIDER_MODULE': 'scrapy_demo03.spiders',
 'SPIDER_MODULES': ['scrapy_demo03.spiders'],
 'USER_AGENT': 'Mozilla/5.0 (X11; Ubuntu; Linux x86_64; rv:21.0) '
               'Gecko/20130331 Firefox/21.0'}
2020-04-19 00:40:40 [scrapy.extensions.telnet] INFO: Telnet Password: f3f4103d499d6e58
2020-04-19 00:40:40 [scrapy.middleware] INFO: Enabled extensions:
['scrapy.extensions.corestats.CoreStats',
 'scrapy.extensions.telnet.TelnetConsole',
 'scrapy.extensions.logstats.LogStats']
2020-04-19 00:40:41 [scrapy.middleware] INFO: Enabled downloader middlewares:
['scrapy.downloadermiddlewares.httpauth.HttpAuthMiddleware',
 'scrapy.downloadermiddlewares.downloadtimeout.DownloadTimeoutMiddleware',
 'scrapy.downloadermiddlewares.defaultheaders.DefaultHeadersMiddleware',
 'scrapy.downloadermiddlewares.useragent.UserAgentMiddleware',
 'scrapy.downloadermiddlewares.retry.RetryMiddleware',
 'scrapy.downloadermiddlewares.redirect.MetaRefreshMiddleware',
 'scrapy.downloadermiddlewares.httpcompression.HttpCompressionMiddleware',
 'scrapy.downloadermiddlewares.redirect.RedirectMiddleware',
 'scrapy.downloadermiddlewares.cookies.CookiesMiddleware',
 'scrapy.downloadermiddlewares.httpproxy.HttpProxyMiddleware',
 'scrapy.downloadermiddlewares.stats.DownloaderStats']
2020-04-19 00:40:41 [scrapy.middleware] INFO: Enabled spider middlewares:
['scrapy.spidermiddlewares.httperror.HttpErrorMiddleware',
 'scrapy.spidermiddlewares.offsite.OffsiteMiddleware',
 'scrapy.spidermiddlewares.referer.RefererMiddleware',
 'scrapy.spidermiddlewares.urllength.UrlLengthMiddleware',
 'scrapy.spidermiddlewares.depth.DepthMiddleware']
2020-04-19 00:40:41 [scrapy.middleware] INFO: Enabled item pipelines:
[]
2020-04-19 00:40:41 [scrapy.core.engine] INFO: Spider opened
2020-04-19 00:40:41 [scrapy.extensions.logstats] INFO: Crawled 0 pages (at 0 pages/min), scraped 0 items (at 0 items/min)
2020-04-19 00:40:41 [scrapy.extensions.telnet] INFO: Telnet console listening on 127.0.0.1:6023
2020-04-19 00:40:42 [scrapy.core.scraper] ERROR: Spider error processing <GET https://github.com/login> (referer: None)
Traceback (most recent call last):
  File "d:\python\envs\system_env\lib\site-packages\scrapy\utils\defer.py", line 117, in iter_errback
    yield next(it)
  File "d:\python\envs\system_env\lib\site-packages\scrapy\utils\python.py", line 345, in __next__
    return next(self.data)
  File "d:\python\envs\system_env\lib\site-packages\scrapy\utils\python.py", line 345, in __next__
    return next(self.data)
  File "d:\python\envs\system_env\lib\site-packages\scrapy\core\spidermw.py", line 64, in _evaluate_iterable
    for r in iterable:
  File "d:\python\envs\system_env\lib\site-packages\scrapy\spidermiddlewares\offsite.py", line 29, in process_spider_output
    for x in result:
  File "d:\python\envs\system_env\lib\site-packages\scrapy\core\spidermw.py", line 64, in _evaluate_iterable
    for r in iterable:
  File "d:\python\envs\system_env\lib\site-packages\scrapy\spidermiddlewares\referer.py", line 338, in <genexpr>
    return (_set_referer(r) for r in result or ())
  File "d:\python\envs\system_env\lib\site-packages\scrapy\core\spidermw.py", line 64, in _evaluate_iterable
    for r in iterable:
  File "d:\python\envs\system_env\lib\site-packages\scrapy\spidermiddlewares\urllength.py", line 37, in <genexpr>
    return (r for r in result or () if _filter(r))
  File "d:\python\envs\system_env\lib\site-packages\scrapy\core\spidermw.py", line 64, in _evaluate_iterable
    for r in iterable:
  File "d:\python\envs\system_env\lib\site-packages\scrapy\spidermiddlewares\depth.py", line 58, in <genexpr>
    return (r for r in result or () if _filter(r))
  File "d:\python\envs\system_env\lib\site-packages\scrapy\core\spidermw.py", line 64, in _evaluate_iterable
    for r in iterable:
  File "D:\python\py_workspace\scrapy_practice\scrapy_demo03\scrapy_demo03\spiders\github2.py", line 42, in parse
    yield scrapy.FormRequest(login_url, formdata=formdata, callback=self.login_parse, dont_filter=True)
  File "d:\python\envs\system_env\lib\site-packages\scrapy\http\request\form.py", line 31, in __init__
    querystr = _urlencode(items, self.encoding)
  File "d:\python\envs\system_env\lib\site-packages\scrapy\http\request\form.py", line 72, in _urlencode
    for k, vs in seq
  File "d:\python\envs\system_env\lib\site-packages\scrapy\http\request\form.py", line 73, in <listcomp>
    for v in (vs if is_listlike(vs) else [vs])]
  File "d:\python\envs\system_env\lib\site-packages\scrapy\utils\python.py", line 105, in to_bytes
    'object, got %s' % type(text).__name__)
TypeError: to_bytes must receive a str or bytes object, got NoneType
2020-04-19 00:40:42 [scrapy.core.engine] INFO: Closing spider (finished)
2020-04-19 00:40:42 [scrapy.statscollectors] INFO: Dumping Scrapy stats:
{'downloader/request_bytes': 257,
 'downloader/request_count': 1,
 'downloader/request_method_count/GET': 1,
 'downloader/response_bytes': 9603,
 'downloader/response_count': 1,
 'downloader/response_status_count/200': 1,
 'elapsed_time_seconds': 0.936,
 'finish_reason': 'finished',
 'finish_time': datetime.datetime(2020, 4, 18, 16, 40, 42, 363000),
 'log_count/ERROR': 1,
 'log_count/INFO': 10,
 'response_received_count': 1,
 'scheduler/dequeued': 1,
 'scheduler/dequeued/memory': 1,
 'scheduler/enqueued': 1,
 'scheduler/enqueued/memory': 1,
 'spider_exceptions/TypeError': 1,
 'start_time': datetime.datetime(2020, 4, 18, 16, 40, 41, 427000)}
2020-04-19 00:40:42 [scrapy.core.engine] INFO: Spider closed (finished)
2020-04-19 00:41:22 [scrapy.utils.log] INFO: Scrapy 2.0.1 started (bot: scrapy_demo03)
2020-04-19 00:41:22 [scrapy.utils.log] INFO: Versions: lxml 4.5.0.0, libxml2 2.9.5, cssselect 1.1.0, parsel 1.5.2, w3lib 1.21.0, Twisted 20.3.0, Python 3.7.2 (tags/v3.7.2:9a3ffc0492, Dec 23 2018, 23:09:28) [MSC v.1916 64 bit (AMD64)], pyOpenSSL 19.1.0 (OpenSSL 1.1.1f  31 Mar 2020), cryptography 2.9, Platform Windows-7-6.1.7601-SP1
2020-04-19 00:41:22 [scrapy.crawler] INFO: Overridden settings:
{'BOT_NAME': 'scrapy_demo03',
 'LOG_FILE': './info.log',
 'LOG_LEVEL': 'INFO',
 'NEWSPIDER_MODULE': 'scrapy_demo03.spiders',
 'SPIDER_MODULES': ['scrapy_demo03.spiders'],
 'USER_AGENT': 'Mozilla/5.0 (Windows NT 6.2; WOW64) AppleWebKit/537.36 (KHTML, '
               'like Gecko) Chrome/30.0.1599.17 Safari/537.36'}
2020-04-19 00:41:22 [scrapy.extensions.telnet] INFO: Telnet Password: ac3fa3d22dd28e39
2020-04-19 00:41:22 [scrapy.middleware] INFO: Enabled extensions:
['scrapy.extensions.corestats.CoreStats',
 'scrapy.extensions.telnet.TelnetConsole',
 'scrapy.extensions.logstats.LogStats']
2020-04-19 00:41:23 [scrapy.middleware] INFO: Enabled downloader middlewares:
['scrapy.downloadermiddlewares.httpauth.HttpAuthMiddleware',
 'scrapy.downloadermiddlewares.downloadtimeout.DownloadTimeoutMiddleware',
 'scrapy.downloadermiddlewares.defaultheaders.DefaultHeadersMiddleware',
 'scrapy.downloadermiddlewares.useragent.UserAgentMiddleware',
 'scrapy.downloadermiddlewares.retry.RetryMiddleware',
 'scrapy.downloadermiddlewares.redirect.MetaRefreshMiddleware',
 'scrapy.downloadermiddlewares.httpcompression.HttpCompressionMiddleware',
 'scrapy.downloadermiddlewares.redirect.RedirectMiddleware',
 'scrapy.downloadermiddlewares.cookies.CookiesMiddleware',
 'scrapy.downloadermiddlewares.httpproxy.HttpProxyMiddleware',
 'scrapy.downloadermiddlewares.stats.DownloaderStats']
2020-04-19 00:41:23 [scrapy.middleware] INFO: Enabled spider middlewares:
['scrapy.spidermiddlewares.httperror.HttpErrorMiddleware',
 'scrapy.spidermiddlewares.offsite.OffsiteMiddleware',
 'scrapy.spidermiddlewares.referer.RefererMiddleware',
 'scrapy.spidermiddlewares.urllength.UrlLengthMiddleware',
 'scrapy.spidermiddlewares.depth.DepthMiddleware']
2020-04-19 00:41:23 [scrapy.middleware] INFO: Enabled item pipelines:
[]
2020-04-19 00:41:23 [scrapy.core.engine] INFO: Spider opened
2020-04-19 00:41:23 [scrapy.extensions.logstats] INFO: Crawled 0 pages (at 0 pages/min), scraped 0 items (at 0 items/min)
2020-04-19 00:41:23 [scrapy.extensions.telnet] INFO: Telnet console listening on 127.0.0.1:6023
2020-04-19 00:41:24 [scrapy.core.scraper] ERROR: Spider error processing <GET https://github.com/login> (referer: None)
Traceback (most recent call last):
  File "d:\python\envs\system_env\lib\site-packages\scrapy\utils\defer.py", line 117, in iter_errback
    yield next(it)
  File "d:\python\envs\system_env\lib\site-packages\scrapy\utils\python.py", line 345, in __next__
    return next(self.data)
  File "d:\python\envs\system_env\lib\site-packages\scrapy\utils\python.py", line 345, in __next__
    return next(self.data)
  File "d:\python\envs\system_env\lib\site-packages\scrapy\core\spidermw.py", line 64, in _evaluate_iterable
    for r in iterable:
  File "d:\python\envs\system_env\lib\site-packages\scrapy\spidermiddlewares\offsite.py", line 29, in process_spider_output
    for x in result:
  File "d:\python\envs\system_env\lib\site-packages\scrapy\core\spidermw.py", line 64, in _evaluate_iterable
    for r in iterable:
  File "d:\python\envs\system_env\lib\site-packages\scrapy\spidermiddlewares\referer.py", line 338, in <genexpr>
    return (_set_referer(r) for r in result or ())
  File "d:\python\envs\system_env\lib\site-packages\scrapy\core\spidermw.py", line 64, in _evaluate_iterable
    for r in iterable:
  File "d:\python\envs\system_env\lib\site-packages\scrapy\spidermiddlewares\urllength.py", line 37, in <genexpr>
    return (r for r in result or () if _filter(r))
  File "d:\python\envs\system_env\lib\site-packages\scrapy\core\spidermw.py", line 64, in _evaluate_iterable
    for r in iterable:
  File "d:\python\envs\system_env\lib\site-packages\scrapy\spidermiddlewares\depth.py", line 58, in <genexpr>
    return (r for r in result or () if _filter(r))
  File "d:\python\envs\system_env\lib\site-packages\scrapy\core\spidermw.py", line 64, in _evaluate_iterable
    for r in iterable:
  File "D:\python\py_workspace\scrapy_practice\scrapy_demo03\scrapy_demo03\spiders\github2.py", line 42, in parse
    yield scrapy.FormRequest(login_url, formdata=formdata, callback=self.login_parse, dont_filter=True)
  File "d:\python\envs\system_env\lib\site-packages\scrapy\http\request\form.py", line 31, in __init__
    querystr = _urlencode(items, self.encoding)
  File "d:\python\envs\system_env\lib\site-packages\scrapy\http\request\form.py", line 72, in _urlencode
    for k, vs in seq
  File "d:\python\envs\system_env\lib\site-packages\scrapy\http\request\form.py", line 73, in <listcomp>
    for v in (vs if is_listlike(vs) else [vs])]
  File "d:\python\envs\system_env\lib\site-packages\scrapy\utils\python.py", line 105, in to_bytes
    'object, got %s' % type(text).__name__)
TypeError: to_bytes must receive a str or bytes object, got NoneType
2020-04-19 00:41:24 [scrapy.core.engine] INFO: Closing spider (finished)
2020-04-19 00:41:24 [scrapy.statscollectors] INFO: Dumping Scrapy stats:
{'downloader/request_bytes': 289,
 'downloader/request_count': 1,
 'downloader/request_method_count/GET': 1,
 'downloader/response_bytes': 9603,
 'downloader/response_count': 1,
 'downloader/response_status_count/200': 1,
 'elapsed_time_seconds': 1.035,
 'finish_reason': 'finished',
 'finish_time': datetime.datetime(2020, 4, 18, 16, 41, 24, 653000),
 'log_count/ERROR': 1,
 'log_count/INFO': 10,
 'response_received_count': 1,
 'scheduler/dequeued': 1,
 'scheduler/dequeued/memory': 1,
 'scheduler/enqueued': 1,
 'scheduler/enqueued/memory': 1,
 'spider_exceptions/TypeError': 1,
 'start_time': datetime.datetime(2020, 4, 18, 16, 41, 23, 618000)}
2020-04-19 00:41:24 [scrapy.core.engine] INFO: Spider closed (finished)
2020-04-19 00:42:45 [scrapy.utils.log] INFO: Scrapy 2.0.1 started (bot: scrapy_demo03)
2020-04-19 00:42:45 [scrapy.utils.log] INFO: Versions: lxml 4.5.0.0, libxml2 2.9.5, cssselect 1.1.0, parsel 1.5.2, w3lib 1.21.0, Twisted 20.3.0, Python 3.7.2 (tags/v3.7.2:9a3ffc0492, Dec 23 2018, 23:09:28) [MSC v.1916 64 bit (AMD64)], pyOpenSSL 19.1.0 (OpenSSL 1.1.1f  31 Mar 2020), cryptography 2.9, Platform Windows-7-6.1.7601-SP1
2020-04-19 00:42:45 [scrapy.crawler] INFO: Overridden settings:
{'BOT_NAME': 'scrapy_demo03',
 'LOG_FILE': './info.log',
 'LOG_LEVEL': 'INFO',
 'NEWSPIDER_MODULE': 'scrapy_demo03.spiders',
 'SPIDER_MODULES': ['scrapy_demo03.spiders'],
 'USER_AGENT': 'Mozilla/5.0 (X11; Ubuntu; Linux x86_64; rv:21.0) '
               'Gecko/20130331 Firefox/21.0'}
2020-04-19 00:42:45 [scrapy.extensions.telnet] INFO: Telnet Password: ce72f473a1c7a7f7
2020-04-19 00:42:45 [scrapy.middleware] INFO: Enabled extensions:
['scrapy.extensions.corestats.CoreStats',
 'scrapy.extensions.telnet.TelnetConsole',
 'scrapy.extensions.logstats.LogStats']
2020-04-19 00:42:45 [scrapy.middleware] INFO: Enabled downloader middlewares:
['scrapy.downloadermiddlewares.httpauth.HttpAuthMiddleware',
 'scrapy.downloadermiddlewares.downloadtimeout.DownloadTimeoutMiddleware',
 'scrapy.downloadermiddlewares.defaultheaders.DefaultHeadersMiddleware',
 'scrapy.downloadermiddlewares.useragent.UserAgentMiddleware',
 'scrapy.downloadermiddlewares.retry.RetryMiddleware',
 'scrapy.downloadermiddlewares.redirect.MetaRefreshMiddleware',
 'scrapy.downloadermiddlewares.httpcompression.HttpCompressionMiddleware',
 'scrapy.downloadermiddlewares.redirect.RedirectMiddleware',
 'scrapy.downloadermiddlewares.cookies.CookiesMiddleware',
 'scrapy.downloadermiddlewares.httpproxy.HttpProxyMiddleware',
 'scrapy.downloadermiddlewares.stats.DownloaderStats']
2020-04-19 00:42:45 [scrapy.middleware] INFO: Enabled spider middlewares:
['scrapy.spidermiddlewares.httperror.HttpErrorMiddleware',
 'scrapy.spidermiddlewares.offsite.OffsiteMiddleware',
 'scrapy.spidermiddlewares.referer.RefererMiddleware',
 'scrapy.spidermiddlewares.urllength.UrlLengthMiddleware',
 'scrapy.spidermiddlewares.depth.DepthMiddleware']
2020-04-19 00:42:45 [scrapy.middleware] INFO: Enabled item pipelines:
[]
2020-04-19 00:42:45 [scrapy.core.engine] INFO: Spider opened
2020-04-19 00:42:45 [scrapy.extensions.logstats] INFO: Crawled 0 pages (at 0 pages/min), scraped 0 items (at 0 items/min)
2020-04-19 00:42:45 [scrapy.extensions.telnet] INFO: Telnet console listening on 127.0.0.1:6023
2020-04-19 00:42:48 [scrapy.core.scraper] ERROR: Spider error processing <GET https://github.com/login> (referer: None)
Traceback (most recent call last):
  File "d:\python\envs\system_env\lib\site-packages\scrapy\utils\defer.py", line 117, in iter_errback
    yield next(it)
  File "d:\python\envs\system_env\lib\site-packages\scrapy\utils\python.py", line 345, in __next__
    return next(self.data)
  File "d:\python\envs\system_env\lib\site-packages\scrapy\utils\python.py", line 345, in __next__
    return next(self.data)
  File "d:\python\envs\system_env\lib\site-packages\scrapy\core\spidermw.py", line 64, in _evaluate_iterable
    for r in iterable:
  File "d:\python\envs\system_env\lib\site-packages\scrapy\spidermiddlewares\offsite.py", line 29, in process_spider_output
    for x in result:
  File "d:\python\envs\system_env\lib\site-packages\scrapy\core\spidermw.py", line 64, in _evaluate_iterable
    for r in iterable:
  File "d:\python\envs\system_env\lib\site-packages\scrapy\spidermiddlewares\referer.py", line 338, in <genexpr>
    return (_set_referer(r) for r in result or ())
  File "d:\python\envs\system_env\lib\site-packages\scrapy\core\spidermw.py", line 64, in _evaluate_iterable
    for r in iterable:
  File "d:\python\envs\system_env\lib\site-packages\scrapy\spidermiddlewares\urllength.py", line 37, in <genexpr>
    return (r for r in result or () if _filter(r))
  File "d:\python\envs\system_env\lib\site-packages\scrapy\core\spidermw.py", line 64, in _evaluate_iterable
    for r in iterable:
  File "d:\python\envs\system_env\lib\site-packages\scrapy\spidermiddlewares\depth.py", line 58, in <genexpr>
    return (r for r in result or () if _filter(r))
  File "d:\python\envs\system_env\lib\site-packages\scrapy\core\spidermw.py", line 64, in _evaluate_iterable
    for r in iterable:
  File "D:\python\py_workspace\scrapy_practice\scrapy_demo03\scrapy_demo03\spiders\github2.py", line 43, in parse
    yield scrapy.FormRequest(login_url, formdata=formdata, callback=self.login_parse, dont_filter=True)
  File "d:\python\envs\system_env\lib\site-packages\scrapy\http\request\form.py", line 31, in __init__
    querystr = _urlencode(items, self.encoding)
  File "d:\python\envs\system_env\lib\site-packages\scrapy\http\request\form.py", line 72, in _urlencode
    for k, vs in seq
  File "d:\python\envs\system_env\lib\site-packages\scrapy\http\request\form.py", line 73, in <listcomp>
    for v in (vs if is_listlike(vs) else [vs])]
  File "d:\python\envs\system_env\lib\site-packages\scrapy\utils\python.py", line 105, in to_bytes
    'object, got %s' % type(text).__name__)
TypeError: to_bytes must receive a str or bytes object, got NoneType
2020-04-19 00:42:48 [scrapy.core.engine] INFO: Closing spider (finished)
2020-04-19 00:42:48 [scrapy.statscollectors] INFO: Dumping Scrapy stats:
{'downloader/request_bytes': 257,
 'downloader/request_count': 1,
 'downloader/request_method_count/GET': 1,
 'downloader/response_bytes': 9585,
 'downloader/response_count': 1,
 'downloader/response_status_count/200': 1,
 'elapsed_time_seconds': 2.737,
 'finish_reason': 'finished',
 'finish_time': datetime.datetime(2020, 4, 18, 16, 42, 48, 597000),
 'log_count/ERROR': 1,
 'log_count/INFO': 10,
 'response_received_count': 1,
 'scheduler/dequeued': 1,
 'scheduler/dequeued/memory': 1,
 'scheduler/enqueued': 1,
 'scheduler/enqueued/memory': 1,
 'spider_exceptions/TypeError': 1,
 'start_time': datetime.datetime(2020, 4, 18, 16, 42, 45, 860000)}
2020-04-19 00:42:48 [scrapy.core.engine] INFO: Spider closed (finished)
2020-04-19 00:45:32 [scrapy.utils.log] INFO: Scrapy 2.0.1 started (bot: scrapy_demo03)
2020-04-19 00:45:32 [scrapy.utils.log] INFO: Versions: lxml 4.5.0.0, libxml2 2.9.5, cssselect 1.1.0, parsel 1.5.2, w3lib 1.21.0, Twisted 20.3.0, Python 3.7.2 (tags/v3.7.2:9a3ffc0492, Dec 23 2018, 23:09:28) [MSC v.1916 64 bit (AMD64)], pyOpenSSL 19.1.0 (OpenSSL 1.1.1f  31 Mar 2020), cryptography 2.9, Platform Windows-7-6.1.7601-SP1
2020-04-19 00:45:32 [scrapy.crawler] INFO: Overridden settings:
{'BOT_NAME': 'scrapy_demo03',
 'LOG_FILE': './info.log',
 'LOG_LEVEL': 'INFO',
 'NEWSPIDER_MODULE': 'scrapy_demo03.spiders',
 'SPIDER_MODULES': ['scrapy_demo03.spiders'],
 'USER_AGENT': 'Mozilla/5.0 (Windows NT 5.1) AppleWebKit/537.36 (KHTML, like '
               'Gecko) Chrome/31.0.1650.16 Safari/537.36'}
2020-04-19 00:45:32 [scrapy.extensions.telnet] INFO: Telnet Password: 3ca76e222fad5208
2020-04-19 00:45:32 [scrapy.middleware] INFO: Enabled extensions:
['scrapy.extensions.corestats.CoreStats',
 'scrapy.extensions.telnet.TelnetConsole',
 'scrapy.extensions.logstats.LogStats']
2020-04-19 00:45:33 [scrapy.middleware] INFO: Enabled downloader middlewares:
['scrapy.downloadermiddlewares.httpauth.HttpAuthMiddleware',
 'scrapy.downloadermiddlewares.downloadtimeout.DownloadTimeoutMiddleware',
 'scrapy.downloadermiddlewares.defaultheaders.DefaultHeadersMiddleware',
 'scrapy.downloadermiddlewares.useragent.UserAgentMiddleware',
 'scrapy.downloadermiddlewares.retry.RetryMiddleware',
 'scrapy.downloadermiddlewares.redirect.MetaRefreshMiddleware',
 'scrapy.downloadermiddlewares.httpcompression.HttpCompressionMiddleware',
 'scrapy.downloadermiddlewares.redirect.RedirectMiddleware',
 'scrapy.downloadermiddlewares.cookies.CookiesMiddleware',
 'scrapy.downloadermiddlewares.httpproxy.HttpProxyMiddleware',
 'scrapy.downloadermiddlewares.stats.DownloaderStats']
2020-04-19 00:45:33 [scrapy.middleware] INFO: Enabled spider middlewares:
['scrapy.spidermiddlewares.httperror.HttpErrorMiddleware',
 'scrapy.spidermiddlewares.offsite.OffsiteMiddleware',
 'scrapy.spidermiddlewares.referer.RefererMiddleware',
 'scrapy.spidermiddlewares.urllength.UrlLengthMiddleware',
 'scrapy.spidermiddlewares.depth.DepthMiddleware']
2020-04-19 00:45:33 [scrapy.middleware] INFO: Enabled item pipelines:
[]
2020-04-19 00:45:33 [scrapy.core.engine] INFO: Spider opened
2020-04-19 00:45:33 [scrapy.extensions.logstats] INFO: Crawled 0 pages (at 0 pages/min), scraped 0 items (at 0 items/min)
2020-04-19 00:45:33 [scrapy.extensions.telnet] INFO: Telnet console listening on 127.0.0.1:6023
2020-04-19 00:45:33 [scrapy.core.scraper] ERROR: Spider error processing <GET https://github.com/login> (referer: None)
Traceback (most recent call last):
  File "d:\python\envs\system_env\lib\site-packages\scrapy\utils\defer.py", line 117, in iter_errback
    yield next(it)
  File "d:\python\envs\system_env\lib\site-packages\scrapy\utils\python.py", line 345, in __next__
    return next(self.data)
  File "d:\python\envs\system_env\lib\site-packages\scrapy\utils\python.py", line 345, in __next__
    return next(self.data)
  File "d:\python\envs\system_env\lib\site-packages\scrapy\core\spidermw.py", line 64, in _evaluate_iterable
    for r in iterable:
  File "d:\python\envs\system_env\lib\site-packages\scrapy\spidermiddlewares\offsite.py", line 29, in process_spider_output
    for x in result:
  File "d:\python\envs\system_env\lib\site-packages\scrapy\core\spidermw.py", line 64, in _evaluate_iterable
    for r in iterable:
  File "d:\python\envs\system_env\lib\site-packages\scrapy\spidermiddlewares\referer.py", line 338, in <genexpr>
    return (_set_referer(r) for r in result or ())
  File "d:\python\envs\system_env\lib\site-packages\scrapy\core\spidermw.py", line 64, in _evaluate_iterable
    for r in iterable:
  File "d:\python\envs\system_env\lib\site-packages\scrapy\spidermiddlewares\urllength.py", line 37, in <genexpr>
    return (r for r in result or () if _filter(r))
  File "d:\python\envs\system_env\lib\site-packages\scrapy\core\spidermw.py", line 64, in _evaluate_iterable
    for r in iterable:
  File "d:\python\envs\system_env\lib\site-packages\scrapy\spidermiddlewares\depth.py", line 58, in <genexpr>
    return (r for r in result or () if _filter(r))
  File "d:\python\envs\system_env\lib\site-packages\scrapy\core\spidermw.py", line 64, in _evaluate_iterable
    for r in iterable:
  File "D:\python\py_workspace\scrapy_practice\scrapy_demo03\scrapy_demo03\spiders\github2.py", line 43, in parse
    yield scrapy.FormRequest(login_url, formdata=formdata, callback=self.login_parse, dont_filter=True)
  File "d:\python\envs\system_env\lib\site-packages\scrapy\http\request\form.py", line 31, in __init__
    querystr = _urlencode(items, self.encoding)
  File "d:\python\envs\system_env\lib\site-packages\scrapy\http\request\form.py", line 72, in _urlencode
    for k, vs in seq
  File "d:\python\envs\system_env\lib\site-packages\scrapy\http\request\form.py", line 73, in <listcomp>
    for v in (vs if is_listlike(vs) else [vs])]
  File "d:\python\envs\system_env\lib\site-packages\scrapy\utils\python.py", line 105, in to_bytes
    'object, got %s' % type(text).__name__)
TypeError: to_bytes must receive a str or bytes object, got NoneType
2020-04-19 00:45:34 [scrapy.core.engine] INFO: Closing spider (finished)
2020-04-19 00:45:34 [scrapy.statscollectors] INFO: Dumping Scrapy stats:
{'downloader/request_bytes': 282,
 'downloader/request_count': 1,
 'downloader/request_method_count/GET': 1,
 'downloader/response_bytes': 9597,
 'downloader/response_count': 1,
 'downloader/response_status_count/200': 1,
 'elapsed_time_seconds': 0.906,
 'finish_reason': 'finished',
 'finish_time': datetime.datetime(2020, 4, 18, 16, 45, 34, 1000),
 'log_count/ERROR': 1,
 'log_count/INFO': 10,
 'response_received_count': 1,
 'scheduler/dequeued': 1,
 'scheduler/dequeued/memory': 1,
 'scheduler/enqueued': 1,
 'scheduler/enqueued/memory': 1,
 'spider_exceptions/TypeError': 1,
 'start_time': datetime.datetime(2020, 4, 18, 16, 45, 33, 95000)}
2020-04-19 00:45:34 [scrapy.core.engine] INFO: Spider closed (finished)
2020-04-19 00:48:10 [scrapy.utils.log] INFO: Scrapy 2.0.1 started (bot: scrapy_demo03)
2020-04-19 00:48:10 [scrapy.utils.log] INFO: Versions: lxml 4.5.0.0, libxml2 2.9.5, cssselect 1.1.0, parsel 1.5.2, w3lib 1.21.0, Twisted 20.3.0, Python 3.7.2 (tags/v3.7.2:9a3ffc0492, Dec 23 2018, 23:09:28) [MSC v.1916 64 bit (AMD64)], pyOpenSSL 19.1.0 (OpenSSL 1.1.1f  31 Mar 2020), cryptography 2.9, Platform Windows-7-6.1.7601-SP1
2020-04-19 00:48:10 [scrapy.crawler] INFO: Overridden settings:
{'BOT_NAME': 'scrapy_demo03',
 'LOG_FILE': './info.log',
 'LOG_LEVEL': 'INFO',
 'NEWSPIDER_MODULE': 'scrapy_demo03.spiders',
 'SPIDER_MODULES': ['scrapy_demo03.spiders'],
 'USER_AGENT': 'Mozilla/5.0 (Windows NT 5.1) AppleWebKit/537.36 (KHTML, like '
               'Gecko) Chrome/41.0.2224.3 Safari/537.36'}
2020-04-19 00:48:10 [scrapy.extensions.telnet] INFO: Telnet Password: 8a9cbad182d05674
2020-04-19 00:48:10 [scrapy.middleware] INFO: Enabled extensions:
['scrapy.extensions.corestats.CoreStats',
 'scrapy.extensions.telnet.TelnetConsole',
 'scrapy.extensions.logstats.LogStats']
2020-04-19 00:48:11 [scrapy.middleware] INFO: Enabled downloader middlewares:
['scrapy.downloadermiddlewares.httpauth.HttpAuthMiddleware',
 'scrapy.downloadermiddlewares.downloadtimeout.DownloadTimeoutMiddleware',
 'scrapy.downloadermiddlewares.defaultheaders.DefaultHeadersMiddleware',
 'scrapy.downloadermiddlewares.useragent.UserAgentMiddleware',
 'scrapy.downloadermiddlewares.retry.RetryMiddleware',
 'scrapy.downloadermiddlewares.redirect.MetaRefreshMiddleware',
 'scrapy.downloadermiddlewares.httpcompression.HttpCompressionMiddleware',
 'scrapy.downloadermiddlewares.redirect.RedirectMiddleware',
 'scrapy.downloadermiddlewares.cookies.CookiesMiddleware',
 'scrapy.downloadermiddlewares.httpproxy.HttpProxyMiddleware',
 'scrapy.downloadermiddlewares.stats.DownloaderStats']
2020-04-19 00:48:11 [scrapy.middleware] INFO: Enabled spider middlewares:
['scrapy.spidermiddlewares.httperror.HttpErrorMiddleware',
 'scrapy.spidermiddlewares.offsite.OffsiteMiddleware',
 'scrapy.spidermiddlewares.referer.RefererMiddleware',
 'scrapy.spidermiddlewares.urllength.UrlLengthMiddleware',
 'scrapy.spidermiddlewares.depth.DepthMiddleware']
2020-04-19 00:48:11 [scrapy.middleware] INFO: Enabled item pipelines:
[]
2020-04-19 00:48:11 [scrapy.core.engine] INFO: Spider opened
2020-04-19 00:48:11 [scrapy.extensions.logstats] INFO: Crawled 0 pages (at 0 pages/min), scraped 0 items (at 0 items/min)
2020-04-19 00:48:11 [scrapy.extensions.telnet] INFO: Telnet console listening on 127.0.0.1:6023
2020-04-19 00:48:12 [scrapy.core.scraper] ERROR: Spider error processing <GET https://github.com/login> (referer: None)
Traceback (most recent call last):
  File "d:\python\envs\system_env\lib\site-packages\scrapy\utils\defer.py", line 117, in iter_errback
    yield next(it)
  File "d:\python\envs\system_env\lib\site-packages\scrapy\utils\python.py", line 345, in __next__
    return next(self.data)
  File "d:\python\envs\system_env\lib\site-packages\scrapy\utils\python.py", line 345, in __next__
    return next(self.data)
  File "d:\python\envs\system_env\lib\site-packages\scrapy\core\spidermw.py", line 64, in _evaluate_iterable
    for r in iterable:
  File "d:\python\envs\system_env\lib\site-packages\scrapy\spidermiddlewares\offsite.py", line 29, in process_spider_output
    for x in result:
  File "d:\python\envs\system_env\lib\site-packages\scrapy\core\spidermw.py", line 64, in _evaluate_iterable
    for r in iterable:
  File "d:\python\envs\system_env\lib\site-packages\scrapy\spidermiddlewares\referer.py", line 338, in <genexpr>
    return (_set_referer(r) for r in result or ())
  File "d:\python\envs\system_env\lib\site-packages\scrapy\core\spidermw.py", line 64, in _evaluate_iterable
    for r in iterable:
  File "d:\python\envs\system_env\lib\site-packages\scrapy\spidermiddlewares\urllength.py", line 37, in <genexpr>
    return (r for r in result or () if _filter(r))
  File "d:\python\envs\system_env\lib\site-packages\scrapy\core\spidermw.py", line 64, in _evaluate_iterable
    for r in iterable:
  File "d:\python\envs\system_env\lib\site-packages\scrapy\spidermiddlewares\depth.py", line 58, in <genexpr>
    return (r for r in result or () if _filter(r))
  File "d:\python\envs\system_env\lib\site-packages\scrapy\core\spidermw.py", line 64, in _evaluate_iterable
    for r in iterable:
  File "D:\python\py_workspace\scrapy_practice\scrapy_demo03\scrapy_demo03\spiders\github2.py", line 44, in parse
    yield scrapy.FormRequest(login_url, formdata=formdata, callback=self.login_parse, dont_filter=True)
  File "d:\python\envs\system_env\lib\site-packages\scrapy\http\request\form.py", line 31, in __init__
    querystr = _urlencode(items, self.encoding)
  File "d:\python\envs\system_env\lib\site-packages\scrapy\http\request\form.py", line 72, in _urlencode
    for k, vs in seq
  File "d:\python\envs\system_env\lib\site-packages\scrapy\http\request\form.py", line 73, in <listcomp>
    for v in (vs if is_listlike(vs) else [vs])]
  File "d:\python\envs\system_env\lib\site-packages\scrapy\utils\python.py", line 105, in to_bytes
    'object, got %s' % type(text).__name__)
TypeError: to_bytes must receive a str or bytes object, got NoneType
2020-04-19 00:48:12 [scrapy.core.engine] INFO: Closing spider (finished)
2020-04-19 00:48:12 [scrapy.statscollectors] INFO: Dumping Scrapy stats:
{'downloader/request_bytes': 281,
 'downloader/request_count': 1,
 'downloader/request_method_count/GET': 1,
 'downloader/response_bytes': 9594,
 'downloader/response_count': 1,
 'downloader/response_status_count/200': 1,
 'elapsed_time_seconds': 0.945,
 'finish_reason': 'finished',
 'finish_time': datetime.datetime(2020, 4, 18, 16, 48, 12, 428000),
 'log_count/ERROR': 1,
 'log_count/INFO': 10,
 'response_received_count': 1,
 'scheduler/dequeued': 1,
 'scheduler/dequeued/memory': 1,
 'scheduler/enqueued': 1,
 'scheduler/enqueued/memory': 1,
 'spider_exceptions/TypeError': 1,
 'start_time': datetime.datetime(2020, 4, 18, 16, 48, 11, 483000)}
2020-04-19 00:48:12 [scrapy.core.engine] INFO: Spider closed (finished)
2020-04-19 00:50:57 [scrapy.utils.log] INFO: Scrapy 2.0.1 started (bot: scrapy_demo03)
2020-04-19 00:50:57 [scrapy.utils.log] INFO: Versions: lxml 4.5.0.0, libxml2 2.9.5, cssselect 1.1.0, parsel 1.5.2, w3lib 1.21.0, Twisted 20.3.0, Python 3.7.2 (tags/v3.7.2:9a3ffc0492, Dec 23 2018, 23:09:28) [MSC v.1916 64 bit (AMD64)], pyOpenSSL 19.1.0 (OpenSSL 1.1.1f  31 Mar 2020), cryptography 2.9, Platform Windows-7-6.1.7601-SP1
2020-04-19 00:50:57 [scrapy.crawler] INFO: Overridden settings:
{'BOT_NAME': 'scrapy_demo03',
 'LOG_FILE': './info.log',
 'LOG_LEVEL': 'INFO',
 'NEWSPIDER_MODULE': 'scrapy_demo03.spiders',
 'SPIDER_MODULES': ['scrapy_demo03.spiders'],
 'USER_AGENT': 'Mozilla/5.0 (Windows NT 6.1; WOW64) AppleWebKit/537.36 (KHTML, '
               'like Gecko) Chrome/27.0.1453.93 Safari/537.36'}
2020-04-19 00:50:57 [scrapy.extensions.telnet] INFO: Telnet Password: 1343a985bf33eba7
2020-04-19 00:50:57 [scrapy.middleware] INFO: Enabled extensions:
['scrapy.extensions.corestats.CoreStats',
 'scrapy.extensions.telnet.TelnetConsole',
 'scrapy.extensions.logstats.LogStats']
2020-04-19 00:50:57 [scrapy.middleware] INFO: Enabled downloader middlewares:
['scrapy.downloadermiddlewares.httpauth.HttpAuthMiddleware',
 'scrapy.downloadermiddlewares.downloadtimeout.DownloadTimeoutMiddleware',
 'scrapy.downloadermiddlewares.defaultheaders.DefaultHeadersMiddleware',
 'scrapy.downloadermiddlewares.useragent.UserAgentMiddleware',
 'scrapy.downloadermiddlewares.retry.RetryMiddleware',
 'scrapy.downloadermiddlewares.redirect.MetaRefreshMiddleware',
 'scrapy.downloadermiddlewares.httpcompression.HttpCompressionMiddleware',
 'scrapy.downloadermiddlewares.redirect.RedirectMiddleware',
 'scrapy.downloadermiddlewares.cookies.CookiesMiddleware',
 'scrapy.downloadermiddlewares.httpproxy.HttpProxyMiddleware',
 'scrapy.downloadermiddlewares.stats.DownloaderStats']
2020-04-19 00:50:57 [scrapy.middleware] INFO: Enabled spider middlewares:
['scrapy.spidermiddlewares.httperror.HttpErrorMiddleware',
 'scrapy.spidermiddlewares.offsite.OffsiteMiddleware',
 'scrapy.spidermiddlewares.referer.RefererMiddleware',
 'scrapy.spidermiddlewares.urllength.UrlLengthMiddleware',
 'scrapy.spidermiddlewares.depth.DepthMiddleware']
2020-04-19 00:50:57 [scrapy.middleware] INFO: Enabled item pipelines:
[]
2020-04-19 00:50:57 [scrapy.core.engine] INFO: Spider opened
2020-04-19 00:50:57 [scrapy.extensions.logstats] INFO: Crawled 0 pages (at 0 pages/min), scraped 0 items (at 0 items/min)
2020-04-19 00:50:57 [scrapy.extensions.telnet] INFO: Telnet console listening on 127.0.0.1:6023
2020-04-19 00:51:01 [py.warnings] WARNING: d:\python\envs\system_env\lib\site-packages\scrapy\spidermiddlewares\referer.py:283: RuntimeWarning: Could not load referrer policy 'origin-when-cross-origin, strict-origin-when-cross-origin'
  warnings.warn(msg, RuntimeWarning)

2020-04-19 00:51:02 [scrapy.spidermiddlewares.httperror] INFO: Ignoring response <422 https://github.com/session>: HTTP status code is not handled or not allowed
2020-04-19 00:51:02 [scrapy.core.engine] INFO: Closing spider (finished)
2020-04-19 00:51:02 [scrapy.statscollectors] INFO: Dumping Scrapy stats:
{'downloader/request_bytes': 1509,
 'downloader/request_count': 2,
 'downloader/request_method_count/GET': 1,
 'downloader/request_method_count/POST': 1,
 'downloader/response_bytes': 21961,
 'downloader/response_count': 2,
 'downloader/response_status_count/200': 1,
 'downloader/response_status_count/422': 1,
 'elapsed_time_seconds': 4.3,
 'finish_reason': 'finished',
 'finish_time': datetime.datetime(2020, 4, 18, 16, 51, 2, 268000),
 'httperror/response_ignored_count': 1,
 'httperror/response_ignored_status_count/422': 1,
 'log_count/INFO': 11,
 'log_count/WARNING': 1,
 'request_depth_max': 1,
 'response_received_count': 2,
 'scheduler/dequeued': 2,
 'scheduler/dequeued/memory': 2,
 'scheduler/enqueued': 2,
 'scheduler/enqueued/memory': 2,
 'start_time': datetime.datetime(2020, 4, 18, 16, 50, 57, 968000)}
2020-04-19 00:51:02 [scrapy.core.engine] INFO: Spider closed (finished)
2020-04-19 00:51:53 [scrapy.utils.log] INFO: Scrapy 2.0.1 started (bot: scrapy_demo03)
2020-04-19 00:51:53 [scrapy.utils.log] INFO: Versions: lxml 4.5.0.0, libxml2 2.9.5, cssselect 1.1.0, parsel 1.5.2, w3lib 1.21.0, Twisted 20.3.0, Python 3.7.2 (tags/v3.7.2:9a3ffc0492, Dec 23 2018, 23:09:28) [MSC v.1916 64 bit (AMD64)], pyOpenSSL 19.1.0 (OpenSSL 1.1.1f  31 Mar 2020), cryptography 2.9, Platform Windows-7-6.1.7601-SP1
2020-04-19 00:51:53 [scrapy.crawler] INFO: Overridden settings:
{'BOT_NAME': 'scrapy_demo03',
 'LOG_FILE': './info.log',
 'LOG_LEVEL': 'INFO',
 'NEWSPIDER_MODULE': 'scrapy_demo03.spiders',
 'SPIDER_MODULES': ['scrapy_demo03.spiders'],
 'USER_AGENT': 'Mozilla/5.0 (Macintosh; U; Intel Mac OS X 10_6_7; ja-jp) '
               'AppleWebKit/533.20.25 (KHTML, like Gecko) Version/5.0.4 '
               'Safari/533.20.27'}
2020-04-19 00:51:53 [scrapy.extensions.telnet] INFO: Telnet Password: ac9549c8c0248d4b
2020-04-19 00:51:53 [scrapy.middleware] INFO: Enabled extensions:
['scrapy.extensions.corestats.CoreStats',
 'scrapy.extensions.telnet.TelnetConsole',
 'scrapy.extensions.logstats.LogStats']
2020-04-19 00:51:53 [scrapy.middleware] INFO: Enabled downloader middlewares:
['scrapy.downloadermiddlewares.httpauth.HttpAuthMiddleware',
 'scrapy.downloadermiddlewares.downloadtimeout.DownloadTimeoutMiddleware',
 'scrapy.downloadermiddlewares.defaultheaders.DefaultHeadersMiddleware',
 'scrapy.downloadermiddlewares.useragent.UserAgentMiddleware',
 'scrapy.downloadermiddlewares.retry.RetryMiddleware',
 'scrapy.downloadermiddlewares.redirect.MetaRefreshMiddleware',
 'scrapy.downloadermiddlewares.httpcompression.HttpCompressionMiddleware',
 'scrapy.downloadermiddlewares.redirect.RedirectMiddleware',
 'scrapy.downloadermiddlewares.cookies.CookiesMiddleware',
 'scrapy.downloadermiddlewares.httpproxy.HttpProxyMiddleware',
 'scrapy.downloadermiddlewares.stats.DownloaderStats']
2020-04-19 00:51:53 [scrapy.middleware] INFO: Enabled spider middlewares:
['scrapy.spidermiddlewares.httperror.HttpErrorMiddleware',
 'scrapy.spidermiddlewares.offsite.OffsiteMiddleware',
 'scrapy.spidermiddlewares.referer.RefererMiddleware',
 'scrapy.spidermiddlewares.urllength.UrlLengthMiddleware',
 'scrapy.spidermiddlewares.depth.DepthMiddleware']
2020-04-19 00:51:53 [scrapy.middleware] INFO: Enabled item pipelines:
[]
2020-04-19 00:51:53 [scrapy.core.engine] INFO: Spider opened
2020-04-19 00:51:53 [scrapy.extensions.logstats] INFO: Crawled 0 pages (at 0 pages/min), scraped 0 items (at 0 items/min)
2020-04-19 00:51:53 [scrapy.extensions.telnet] INFO: Telnet console listening on 127.0.0.1:6023
2020-04-19 00:52:00 [py.warnings] WARNING: d:\python\envs\system_env\lib\site-packages\scrapy\spidermiddlewares\referer.py:283: RuntimeWarning: Could not load referrer policy 'origin-when-cross-origin, strict-origin-when-cross-origin'
  warnings.warn(msg, RuntimeWarning)

2020-04-19 00:52:01 [scrapy.spidermiddlewares.httperror] INFO: Ignoring response <422 https://github.com/session>: HTTP status code is not handled or not allowed
2020-04-19 00:52:01 [scrapy.core.engine] INFO: Closing spider (finished)
2020-04-19 00:52:01 [scrapy.statscollectors] INFO: Dumping Scrapy stats:
{'downloader/request_bytes': 1345,
 'downloader/request_count': 2,
 'downloader/request_method_count/GET': 1,
 'downloader/request_method_count/POST': 1,
 'downloader/response_bytes': 22004,
 'downloader/response_count': 2,
 'downloader/response_status_count/200': 1,
 'downloader/response_status_count/422': 1,
 'elapsed_time_seconds': 8.165,
 'finish_reason': 'finished',
 'finish_time': datetime.datetime(2020, 4, 18, 16, 52, 1, 945000),
 'httperror/response_ignored_count': 1,
 'httperror/response_ignored_status_count/422': 1,
 'log_count/INFO': 11,
 'log_count/WARNING': 1,
 'request_depth_max': 1,
 'response_received_count': 2,
 'scheduler/dequeued': 2,
 'scheduler/dequeued/memory': 2,
 'scheduler/enqueued': 2,
 'scheduler/enqueued/memory': 2,
 'start_time': datetime.datetime(2020, 4, 18, 16, 51, 53, 780000)}
2020-04-19 00:52:01 [scrapy.core.engine] INFO: Spider closed (finished)
2020-04-19 00:54:30 [scrapy.utils.log] INFO: Scrapy 2.0.1 started (bot: scrapy_demo03)
2020-04-19 00:54:30 [scrapy.utils.log] INFO: Versions: lxml 4.5.0.0, libxml2 2.9.5, cssselect 1.1.0, parsel 1.5.2, w3lib 1.21.0, Twisted 20.3.0, Python 3.7.2 (tags/v3.7.2:9a3ffc0492, Dec 23 2018, 23:09:28) [MSC v.1916 64 bit (AMD64)], pyOpenSSL 19.1.0 (OpenSSL 1.1.1f  31 Mar 2020), cryptography 2.9, Platform Windows-7-6.1.7601-SP1
2020-04-19 00:54:30 [scrapy.crawler] INFO: Overridden settings:
{'BOT_NAME': 'scrapy_demo03',
 'LOG_FILE': './info.log',
 'LOG_LEVEL': 'INFO',
 'NEWSPIDER_MODULE': 'scrapy_demo03.spiders',
 'SPIDER_MODULES': ['scrapy_demo03.spiders'],
 'USER_AGENT': 'Mozilla/5.0 (Windows NT 6.2; Win64; x64; rv:21.0.0) '
               'Gecko/20121011 Firefox/21.0.0'}
2020-04-19 00:54:30 [scrapy.extensions.telnet] INFO: Telnet Password: 7462616cc56cb9ed
2020-04-19 00:54:30 [scrapy.middleware] INFO: Enabled extensions:
['scrapy.extensions.corestats.CoreStats',
 'scrapy.extensions.telnet.TelnetConsole',
 'scrapy.extensions.logstats.LogStats']
2020-04-19 00:54:31 [scrapy.middleware] INFO: Enabled downloader middlewares:
['scrapy.downloadermiddlewares.httpauth.HttpAuthMiddleware',
 'scrapy.downloadermiddlewares.downloadtimeout.DownloadTimeoutMiddleware',
 'scrapy.downloadermiddlewares.defaultheaders.DefaultHeadersMiddleware',
 'scrapy.downloadermiddlewares.useragent.UserAgentMiddleware',
 'scrapy.downloadermiddlewares.retry.RetryMiddleware',
 'scrapy.downloadermiddlewares.redirect.MetaRefreshMiddleware',
 'scrapy.downloadermiddlewares.httpcompression.HttpCompressionMiddleware',
 'scrapy.downloadermiddlewares.redirect.RedirectMiddleware',
 'scrapy.downloadermiddlewares.cookies.CookiesMiddleware',
 'scrapy.downloadermiddlewares.httpproxy.HttpProxyMiddleware',
 'scrapy.downloadermiddlewares.stats.DownloaderStats']
2020-04-19 00:54:31 [scrapy.middleware] INFO: Enabled spider middlewares:
['scrapy.spidermiddlewares.httperror.HttpErrorMiddleware',
 'scrapy.spidermiddlewares.offsite.OffsiteMiddleware',
 'scrapy.spidermiddlewares.referer.RefererMiddleware',
 'scrapy.spidermiddlewares.urllength.UrlLengthMiddleware',
 'scrapy.spidermiddlewares.depth.DepthMiddleware']
2020-04-19 00:54:31 [scrapy.middleware] INFO: Enabled item pipelines:
[]
2020-04-19 00:54:31 [scrapy.core.engine] INFO: Spider opened
2020-04-19 00:54:31 [scrapy.extensions.logstats] INFO: Crawled 0 pages (at 0 pages/min), scraped 0 items (at 0 items/min)
2020-04-19 00:54:31 [scrapy.extensions.telnet] INFO: Telnet console listening on 127.0.0.1:6023
2020-04-19 00:54:32 [py.warnings] WARNING: d:\python\envs\system_env\lib\site-packages\scrapy\spidermiddlewares\referer.py:283: RuntimeWarning: Could not load referrer policy 'origin-when-cross-origin, strict-origin-when-cross-origin'
  warnings.warn(msg, RuntimeWarning)

2020-04-19 00:54:32 [scrapy.spidermiddlewares.httperror] INFO: Ignoring response <422 https://github.com/session>: HTTP status code is not handled or not allowed
2020-04-19 00:54:32 [scrapy.core.engine] INFO: Closing spider (finished)
2020-04-19 00:54:32 [scrapy.statscollectors] INFO: Dumping Scrapy stats:
{'downloader/request_bytes': 1270,
 'downloader/request_count': 2,
 'downloader/request_method_count/GET': 1,
 'downloader/request_method_count/POST': 1,
 'downloader/response_bytes': 21871,
 'downloader/response_count': 2,
 'downloader/response_status_count/200': 1,
 'downloader/response_status_count/422': 1,
 'elapsed_time_seconds': 1.932,
 'finish_reason': 'finished',
 'finish_time': datetime.datetime(2020, 4, 18, 16, 54, 32, 948000),
 'httperror/response_ignored_count': 1,
 'httperror/response_ignored_status_count/422': 1,
 'log_count/INFO': 11,
 'log_count/WARNING': 1,
 'request_depth_max': 1,
 'response_received_count': 2,
 'scheduler/dequeued': 2,
 'scheduler/dequeued/memory': 2,
 'scheduler/enqueued': 2,
 'scheduler/enqueued/memory': 2,
 'start_time': datetime.datetime(2020, 4, 18, 16, 54, 31, 16000)}
2020-04-19 00:54:32 [scrapy.core.engine] INFO: Spider closed (finished)
2020-04-19 00:54:52 [scrapy.utils.log] INFO: Scrapy 2.0.1 started (bot: scrapy_demo03)
2020-04-19 00:54:52 [scrapy.utils.log] INFO: Versions: lxml 4.5.0.0, libxml2 2.9.5, cssselect 1.1.0, parsel 1.5.2, w3lib 1.21.0, Twisted 20.3.0, Python 3.7.2 (tags/v3.7.2:9a3ffc0492, Dec 23 2018, 23:09:28) [MSC v.1916 64 bit (AMD64)], pyOpenSSL 19.1.0 (OpenSSL 1.1.1f  31 Mar 2020), cryptography 2.9, Platform Windows-7-6.1.7601-SP1
2020-04-19 00:54:52 [scrapy.crawler] INFO: Overridden settings:
{'BOT_NAME': 'scrapy_demo03',
 'LOG_FILE': './info.log',
 'LOG_LEVEL': 'INFO',
 'NEWSPIDER_MODULE': 'scrapy_demo03.spiders',
 'SPIDER_MODULES': ['scrapy_demo03.spiders'],
 'USER_AGENT': 'Mozilla/5.0 (Windows NT 6.2; WOW64) AppleWebKit/537.14 (KHTML, '
               'like Gecko) Chrome/24.0.1292.0 Safari/537.14'}
2020-04-19 00:54:52 [scrapy.extensions.telnet] INFO: Telnet Password: 0f308a3b27e77be3
2020-04-19 00:54:52 [scrapy.middleware] INFO: Enabled extensions:
['scrapy.extensions.corestats.CoreStats',
 'scrapy.extensions.telnet.TelnetConsole',
 'scrapy.extensions.logstats.LogStats']
2020-04-19 00:54:52 [scrapy.middleware] INFO: Enabled downloader middlewares:
['scrapy.downloadermiddlewares.httpauth.HttpAuthMiddleware',
 'scrapy.downloadermiddlewares.downloadtimeout.DownloadTimeoutMiddleware',
 'scrapy.downloadermiddlewares.defaultheaders.DefaultHeadersMiddleware',
 'scrapy.downloadermiddlewares.useragent.UserAgentMiddleware',
 'scrapy.downloadermiddlewares.retry.RetryMiddleware',
 'scrapy.downloadermiddlewares.redirect.MetaRefreshMiddleware',
 'scrapy.downloadermiddlewares.httpcompression.HttpCompressionMiddleware',
 'scrapy.downloadermiddlewares.redirect.RedirectMiddleware',
 'scrapy.downloadermiddlewares.cookies.CookiesMiddleware',
 'scrapy.downloadermiddlewares.httpproxy.HttpProxyMiddleware',
 'scrapy.downloadermiddlewares.stats.DownloaderStats']
2020-04-19 00:54:52 [scrapy.middleware] INFO: Enabled spider middlewares:
['scrapy.spidermiddlewares.httperror.HttpErrorMiddleware',
 'scrapy.spidermiddlewares.offsite.OffsiteMiddleware',
 'scrapy.spidermiddlewares.referer.RefererMiddleware',
 'scrapy.spidermiddlewares.urllength.UrlLengthMiddleware',
 'scrapy.spidermiddlewares.depth.DepthMiddleware']
2020-04-19 00:54:52 [scrapy.middleware] INFO: Enabled item pipelines:
[]
2020-04-19 00:54:52 [scrapy.core.engine] INFO: Spider opened
2020-04-19 00:54:52 [scrapy.extensions.logstats] INFO: Crawled 0 pages (at 0 pages/min), scraped 0 items (at 0 items/min)
2020-04-19 00:54:52 [scrapy.extensions.telnet] INFO: Telnet console listening on 127.0.0.1:6023
2020-04-19 00:54:55 [scrapy.core.scraper] ERROR: Spider error processing <GET https://github.com/login> (referer: None)
Traceback (most recent call last):
  File "d:\python\envs\system_env\lib\site-packages\scrapy\utils\defer.py", line 117, in iter_errback
    yield next(it)
  File "d:\python\envs\system_env\lib\site-packages\scrapy\utils\python.py", line 345, in __next__
    return next(self.data)
  File "d:\python\envs\system_env\lib\site-packages\scrapy\utils\python.py", line 345, in __next__
    return next(self.data)
  File "d:\python\envs\system_env\lib\site-packages\scrapy\core\spidermw.py", line 64, in _evaluate_iterable
    for r in iterable:
  File "d:\python\envs\system_env\lib\site-packages\scrapy\spidermiddlewares\offsite.py", line 29, in process_spider_output
    for x in result:
  File "d:\python\envs\system_env\lib\site-packages\scrapy\core\spidermw.py", line 64, in _evaluate_iterable
    for r in iterable:
  File "d:\python\envs\system_env\lib\site-packages\scrapy\spidermiddlewares\referer.py", line 338, in <genexpr>
    return (_set_referer(r) for r in result or ())
  File "d:\python\envs\system_env\lib\site-packages\scrapy\core\spidermw.py", line 64, in _evaluate_iterable
    for r in iterable:
  File "d:\python\envs\system_env\lib\site-packages\scrapy\spidermiddlewares\urllength.py", line 37, in <genexpr>
    return (r for r in result or () if _filter(r))
  File "d:\python\envs\system_env\lib\site-packages\scrapy\core\spidermw.py", line 64, in _evaluate_iterable
    for r in iterable:
  File "d:\python\envs\system_env\lib\site-packages\scrapy\spidermiddlewares\depth.py", line 58, in <genexpr>
    return (r for r in result or () if _filter(r))
  File "d:\python\envs\system_env\lib\site-packages\scrapy\core\spidermw.py", line 64, in _evaluate_iterable
    for r in iterable:
  File "D:\python\py_workspace\scrapy_practice\scrapy_demo03\scrapy_demo03\spiders\github2.py", line 43, in parse
    yield scrapy.FormRequest(login_url, formdata=formdata, callback=self.login_parse, dont_filter=True)
  File "d:\python\envs\system_env\lib\site-packages\scrapy\http\request\form.py", line 31, in __init__
    querystr = _urlencode(items, self.encoding)
  File "d:\python\envs\system_env\lib\site-packages\scrapy\http\request\form.py", line 72, in _urlencode
    for k, vs in seq
  File "d:\python\envs\system_env\lib\site-packages\scrapy\http\request\form.py", line 73, in <listcomp>
    for v in (vs if is_listlike(vs) else [vs])]
  File "d:\python\envs\system_env\lib\site-packages\scrapy\utils\python.py", line 105, in to_bytes
    'object, got %s' % type(text).__name__)
TypeError: to_bytes must receive a str or bytes object, got NoneType
2020-04-19 00:54:55 [scrapy.core.engine] INFO: Closing spider (finished)
2020-04-19 00:54:55 [scrapy.statscollectors] INFO: Dumping Scrapy stats:
{'downloader/request_bytes': 288,
 'downloader/request_count': 1,
 'downloader/request_method_count/GET': 1,
 'downloader/response_bytes': 9599,
 'downloader/response_count': 1,
 'downloader/response_status_count/200': 1,
 'elapsed_time_seconds': 2.964,
 'finish_reason': 'finished',
 'finish_time': datetime.datetime(2020, 4, 18, 16, 54, 55, 750000),
 'log_count/ERROR': 1,
 'log_count/INFO': 10,
 'response_received_count': 1,
 'scheduler/dequeued': 1,
 'scheduler/dequeued/memory': 1,
 'scheduler/enqueued': 1,
 'scheduler/enqueued/memory': 1,
 'spider_exceptions/TypeError': 1,
 'start_time': datetime.datetime(2020, 4, 18, 16, 54, 52, 786000)}
2020-04-19 00:54:55 [scrapy.core.engine] INFO: Spider closed (finished)
2020-04-19 01:03:42 [scrapy.utils.log] INFO: Scrapy 2.0.1 started (bot: scrapy_demo03)
2020-04-19 01:03:42 [scrapy.utils.log] INFO: Versions: lxml 4.5.0.0, libxml2 2.9.5, cssselect 1.1.0, parsel 1.5.2, w3lib 1.21.0, Twisted 20.3.0, Python 3.7.2 (tags/v3.7.2:9a3ffc0492, Dec 23 2018, 23:09:28) [MSC v.1916 64 bit (AMD64)], pyOpenSSL 19.1.0 (OpenSSL 1.1.1f  31 Mar 2020), cryptography 2.9, Platform Windows-7-6.1.7601-SP1
2020-04-19 01:03:42 [scrapy.crawler] INFO: Overridden settings:
{'BOT_NAME': 'scrapy_demo03',
 'LOG_FILE': './info.log',
 'LOG_LEVEL': 'INFO',
 'NEWSPIDER_MODULE': 'scrapy_demo03.spiders',
 'SPIDER_MODULES': ['scrapy_demo03.spiders'],
 'USER_AGENT': 'Mozilla/5.0 (Windows NT 6.2; WOW64) AppleWebKit/537.36 (KHTML, '
               'like Gecko) Chrome/27.0.1500.55 Safari/537.36'}
2020-04-19 01:03:42 [scrapy.extensions.telnet] INFO: Telnet Password: 76b15c416548b0f9
2020-04-19 01:03:42 [scrapy.middleware] INFO: Enabled extensions:
['scrapy.extensions.corestats.CoreStats',
 'scrapy.extensions.telnet.TelnetConsole',
 'scrapy.extensions.logstats.LogStats']
2020-04-19 01:03:42 [scrapy.middleware] INFO: Enabled downloader middlewares:
['scrapy.downloadermiddlewares.httpauth.HttpAuthMiddleware',
 'scrapy.downloadermiddlewares.downloadtimeout.DownloadTimeoutMiddleware',
 'scrapy.downloadermiddlewares.defaultheaders.DefaultHeadersMiddleware',
 'scrapy.downloadermiddlewares.useragent.UserAgentMiddleware',
 'scrapy.downloadermiddlewares.retry.RetryMiddleware',
 'scrapy.downloadermiddlewares.redirect.MetaRefreshMiddleware',
 'scrapy.downloadermiddlewares.httpcompression.HttpCompressionMiddleware',
 'scrapy.downloadermiddlewares.redirect.RedirectMiddleware',
 'scrapy.downloadermiddlewares.cookies.CookiesMiddleware',
 'scrapy.downloadermiddlewares.httpproxy.HttpProxyMiddleware',
 'scrapy.downloadermiddlewares.stats.DownloaderStats']
2020-04-19 01:03:42 [scrapy.middleware] INFO: Enabled spider middlewares:
['scrapy.spidermiddlewares.httperror.HttpErrorMiddleware',
 'scrapy.spidermiddlewares.offsite.OffsiteMiddleware',
 'scrapy.spidermiddlewares.referer.RefererMiddleware',
 'scrapy.spidermiddlewares.urllength.UrlLengthMiddleware',
 'scrapy.spidermiddlewares.depth.DepthMiddleware']
2020-04-19 01:03:42 [scrapy.middleware] INFO: Enabled item pipelines:
[]
2020-04-19 01:03:42 [scrapy.core.engine] INFO: Spider opened
2020-04-19 01:03:42 [scrapy.extensions.logstats] INFO: Crawled 0 pages (at 0 pages/min), scraped 0 items (at 0 items/min)
2020-04-19 01:03:42 [scrapy.extensions.telnet] INFO: Telnet console listening on 127.0.0.1:6023
2020-04-19 01:03:44 [scrapy.core.scraper] ERROR: Spider error processing <GET https://github.com/login> (referer: None)
Traceback (most recent call last):
  File "d:\python\envs\system_env\lib\site-packages\scrapy\utils\defer.py", line 117, in iter_errback
    yield next(it)
  File "d:\python\envs\system_env\lib\site-packages\scrapy\utils\python.py", line 345, in __next__
    return next(self.data)
  File "d:\python\envs\system_env\lib\site-packages\scrapy\utils\python.py", line 345, in __next__
    return next(self.data)
  File "d:\python\envs\system_env\lib\site-packages\scrapy\core\spidermw.py", line 64, in _evaluate_iterable
    for r in iterable:
  File "d:\python\envs\system_env\lib\site-packages\scrapy\spidermiddlewares\offsite.py", line 29, in process_spider_output
    for x in result:
  File "d:\python\envs\system_env\lib\site-packages\scrapy\core\spidermw.py", line 64, in _evaluate_iterable
    for r in iterable:
  File "d:\python\envs\system_env\lib\site-packages\scrapy\spidermiddlewares\referer.py", line 338, in <genexpr>
    return (_set_referer(r) for r in result or ())
  File "d:\python\envs\system_env\lib\site-packages\scrapy\core\spidermw.py", line 64, in _evaluate_iterable
    for r in iterable:
  File "d:\python\envs\system_env\lib\site-packages\scrapy\spidermiddlewares\urllength.py", line 37, in <genexpr>
    return (r for r in result or () if _filter(r))
  File "d:\python\envs\system_env\lib\site-packages\scrapy\core\spidermw.py", line 64, in _evaluate_iterable
    for r in iterable:
  File "d:\python\envs\system_env\lib\site-packages\scrapy\spidermiddlewares\depth.py", line 58, in <genexpr>
    return (r for r in result or () if _filter(r))
  File "d:\python\envs\system_env\lib\site-packages\scrapy\core\spidermw.py", line 64, in _evaluate_iterable
    for r in iterable:
  File "D:\python\py_workspace\scrapy_practice\scrapy_demo03\scrapy_demo03\spiders\github2.py", line 44, in parse
    yield scrapy.FormRequest(login_url, formdata=formdata, callback=self.login_parse, dont_filter=True)
  File "d:\python\envs\system_env\lib\site-packages\scrapy\http\request\form.py", line 31, in __init__
    querystr = _urlencode(items, self.encoding)
  File "d:\python\envs\system_env\lib\site-packages\scrapy\http\request\form.py", line 72, in _urlencode
    for k, vs in seq
  File "d:\python\envs\system_env\lib\site-packages\scrapy\http\request\form.py", line 73, in <listcomp>
    for v in (vs if is_listlike(vs) else [vs])]
  File "d:\python\envs\system_env\lib\site-packages\scrapy\utils\python.py", line 105, in to_bytes
    'object, got %s' % type(text).__name__)
TypeError: to_bytes must receive a str or bytes object, got NoneType
2020-04-19 01:03:44 [scrapy.core.engine] INFO: Closing spider (finished)
2020-04-19 01:03:44 [scrapy.statscollectors] INFO: Dumping Scrapy stats:
{'downloader/request_bytes': 289,
 'downloader/request_count': 1,
 'downloader/request_method_count/GET': 1,
 'downloader/response_bytes': 9676,
 'downloader/response_count': 1,
 'downloader/response_status_count/200': 1,
 'elapsed_time_seconds': 1.098,
 'finish_reason': 'finished',
 'finish_time': datetime.datetime(2020, 4, 18, 17, 3, 44, 89000),
 'log_count/ERROR': 1,
 'log_count/INFO': 10,
 'response_received_count': 1,
 'scheduler/dequeued': 1,
 'scheduler/dequeued/memory': 1,
 'scheduler/enqueued': 1,
 'scheduler/enqueued/memory': 1,
 'spider_exceptions/TypeError': 1,
 'start_time': datetime.datetime(2020, 4, 18, 17, 3, 42, 991000)}
2020-04-19 01:03:44 [scrapy.core.engine] INFO: Spider closed (finished)
2020-04-19 01:05:02 [scrapy.utils.log] INFO: Scrapy 2.0.1 started (bot: scrapy_demo03)
2020-04-19 01:05:02 [scrapy.utils.log] INFO: Versions: lxml 4.5.0.0, libxml2 2.9.5, cssselect 1.1.0, parsel 1.5.2, w3lib 1.21.0, Twisted 20.3.0, Python 3.7.2 (tags/v3.7.2:9a3ffc0492, Dec 23 2018, 23:09:28) [MSC v.1916 64 bit (AMD64)], pyOpenSSL 19.1.0 (OpenSSL 1.1.1f  31 Mar 2020), cryptography 2.9, Platform Windows-7-6.1.7601-SP1
2020-04-19 01:05:02 [scrapy.crawler] INFO: Overridden settings:
{'BOT_NAME': 'scrapy_demo03',
 'LOG_FILE': './info.log',
 'LOG_LEVEL': 'INFO',
 'NEWSPIDER_MODULE': 'scrapy_demo03.spiders',
 'SPIDER_MODULES': ['scrapy_demo03.spiders'],
 'USER_AGENT': 'Mozilla/5.0 (Windows NT 5.1) AppleWebKit/537.36 (KHTML, like '
               'Gecko) Chrome/35.0.3319.102 Safari/537.36'}
2020-04-19 01:05:02 [scrapy.extensions.telnet] INFO: Telnet Password: 32b34cb9b66a9d2b
2020-04-19 01:05:02 [scrapy.middleware] INFO: Enabled extensions:
['scrapy.extensions.corestats.CoreStats',
 'scrapy.extensions.telnet.TelnetConsole',
 'scrapy.extensions.logstats.LogStats']
2020-04-19 01:05:03 [scrapy.middleware] INFO: Enabled downloader middlewares:
['scrapy.downloadermiddlewares.httpauth.HttpAuthMiddleware',
 'scrapy.downloadermiddlewares.downloadtimeout.DownloadTimeoutMiddleware',
 'scrapy.downloadermiddlewares.defaultheaders.DefaultHeadersMiddleware',
 'scrapy.downloadermiddlewares.useragent.UserAgentMiddleware',
 'scrapy.downloadermiddlewares.retry.RetryMiddleware',
 'scrapy.downloadermiddlewares.redirect.MetaRefreshMiddleware',
 'scrapy.downloadermiddlewares.httpcompression.HttpCompressionMiddleware',
 'scrapy.downloadermiddlewares.redirect.RedirectMiddleware',
 'scrapy.downloadermiddlewares.cookies.CookiesMiddleware',
 'scrapy.downloadermiddlewares.httpproxy.HttpProxyMiddleware',
 'scrapy.downloadermiddlewares.stats.DownloaderStats']
2020-04-19 01:05:03 [scrapy.middleware] INFO: Enabled spider middlewares:
['scrapy.spidermiddlewares.httperror.HttpErrorMiddleware',
 'scrapy.spidermiddlewares.offsite.OffsiteMiddleware',
 'scrapy.spidermiddlewares.referer.RefererMiddleware',
 'scrapy.spidermiddlewares.urllength.UrlLengthMiddleware',
 'scrapy.spidermiddlewares.depth.DepthMiddleware']
2020-04-19 01:05:03 [scrapy.middleware] INFO: Enabled item pipelines:
[]
2020-04-19 01:05:03 [scrapy.core.engine] INFO: Spider opened
2020-04-19 01:05:03 [scrapy.extensions.logstats] INFO: Crawled 0 pages (at 0 pages/min), scraped 0 items (at 0 items/min)
2020-04-19 01:05:03 [scrapy.extensions.telnet] INFO: Telnet console listening on 127.0.0.1:6023
2020-04-19 01:05:04 [scrapy.core.scraper] ERROR: Spider error processing <GET https://github.com/login> (referer: None)
Traceback (most recent call last):
  File "d:\python\envs\system_env\lib\site-packages\scrapy\utils\defer.py", line 117, in iter_errback
    yield next(it)
  File "d:\python\envs\system_env\lib\site-packages\scrapy\utils\python.py", line 345, in __next__
    return next(self.data)
  File "d:\python\envs\system_env\lib\site-packages\scrapy\utils\python.py", line 345, in __next__
    return next(self.data)
  File "d:\python\envs\system_env\lib\site-packages\scrapy\core\spidermw.py", line 64, in _evaluate_iterable
    for r in iterable:
  File "d:\python\envs\system_env\lib\site-packages\scrapy\spidermiddlewares\offsite.py", line 29, in process_spider_output
    for x in result:
  File "d:\python\envs\system_env\lib\site-packages\scrapy\core\spidermw.py", line 64, in _evaluate_iterable
    for r in iterable:
  File "d:\python\envs\system_env\lib\site-packages\scrapy\spidermiddlewares\referer.py", line 338, in <genexpr>
    return (_set_referer(r) for r in result or ())
  File "d:\python\envs\system_env\lib\site-packages\scrapy\core\spidermw.py", line 64, in _evaluate_iterable
    for r in iterable:
  File "d:\python\envs\system_env\lib\site-packages\scrapy\spidermiddlewares\urllength.py", line 37, in <genexpr>
    return (r for r in result or () if _filter(r))
  File "d:\python\envs\system_env\lib\site-packages\scrapy\core\spidermw.py", line 64, in _evaluate_iterable
    for r in iterable:
  File "d:\python\envs\system_env\lib\site-packages\scrapy\spidermiddlewares\depth.py", line 58, in <genexpr>
    return (r for r in result or () if _filter(r))
  File "d:\python\envs\system_env\lib\site-packages\scrapy\core\spidermw.py", line 64, in _evaluate_iterable
    for r in iterable:
  File "D:\python\py_workspace\scrapy_practice\scrapy_demo03\scrapy_demo03\spiders\github2.py", line 44, in parse
    yield scrapy.FormRequest(login_url, formdata=formdata, callback=self.login_parse, dont_filter=True)
  File "d:\python\envs\system_env\lib\site-packages\scrapy\http\request\form.py", line 31, in __init__
    querystr = _urlencode(items, self.encoding)
  File "d:\python\envs\system_env\lib\site-packages\scrapy\http\request\form.py", line 72, in _urlencode
    for k, vs in seq
  File "d:\python\envs\system_env\lib\site-packages\scrapy\http\request\form.py", line 73, in <listcomp>
    for v in (vs if is_listlike(vs) else [vs])]
  File "d:\python\envs\system_env\lib\site-packages\scrapy\utils\python.py", line 105, in to_bytes
    'object, got %s' % type(text).__name__)
TypeError: to_bytes must receive a str or bytes object, got NoneType
2020-04-19 01:05:04 [scrapy.core.engine] INFO: Closing spider (finished)
2020-04-19 01:05:04 [scrapy.statscollectors] INFO: Dumping Scrapy stats:
{'downloader/request_bytes': 283,
 'downloader/request_count': 1,
 'downloader/request_method_count/GET': 1,
 'downloader/response_bytes': 9603,
 'downloader/response_count': 1,
 'downloader/response_status_count/200': 1,
 'elapsed_time_seconds': 0.984,
 'finish_reason': 'finished',
 'finish_time': datetime.datetime(2020, 4, 18, 17, 5, 4, 209000),
 'log_count/ERROR': 1,
 'log_count/INFO': 10,
 'response_received_count': 1,
 'scheduler/dequeued': 1,
 'scheduler/dequeued/memory': 1,
 'scheduler/enqueued': 1,
 'scheduler/enqueued/memory': 1,
 'spider_exceptions/TypeError': 1,
 'start_time': datetime.datetime(2020, 4, 18, 17, 5, 3, 225000)}
2020-04-19 01:05:04 [scrapy.core.engine] INFO: Spider closed (finished)
2020-04-19 01:05:20 [scrapy.utils.log] INFO: Scrapy 2.0.1 started (bot: scrapy_demo03)
2020-04-19 01:05:20 [scrapy.utils.log] INFO: Versions: lxml 4.5.0.0, libxml2 2.9.5, cssselect 1.1.0, parsel 1.5.2, w3lib 1.21.0, Twisted 20.3.0, Python 3.7.2 (tags/v3.7.2:9a3ffc0492, Dec 23 2018, 23:09:28) [MSC v.1916 64 bit (AMD64)], pyOpenSSL 19.1.0 (OpenSSL 1.1.1f  31 Mar 2020), cryptography 2.9, Platform Windows-7-6.1.7601-SP1
2020-04-19 01:05:20 [scrapy.crawler] INFO: Overridden settings:
{'BOT_NAME': 'scrapy_demo03',
 'LOG_FILE': './info.log',
 'LOG_LEVEL': 'INFO',
 'NEWSPIDER_MODULE': 'scrapy_demo03.spiders',
 'SPIDER_MODULES': ['scrapy_demo03.spiders'],
 'USER_AGENT': 'Mozilla/5.0 (Windows NT 10.0) AppleWebKit/537.36 (KHTML, like '
               'Gecko) Chrome/40.0.2214.93 Safari/537.36'}
2020-04-19 01:05:20 [scrapy.extensions.telnet] INFO: Telnet Password: 111fa8dc6a98f6f4
2020-04-19 01:05:20 [scrapy.middleware] INFO: Enabled extensions:
['scrapy.extensions.corestats.CoreStats',
 'scrapy.extensions.telnet.TelnetConsole',
 'scrapy.extensions.logstats.LogStats']
2020-04-19 01:05:21 [scrapy.middleware] INFO: Enabled downloader middlewares:
['scrapy.downloadermiddlewares.httpauth.HttpAuthMiddleware',
 'scrapy.downloadermiddlewares.downloadtimeout.DownloadTimeoutMiddleware',
 'scrapy.downloadermiddlewares.defaultheaders.DefaultHeadersMiddleware',
 'scrapy.downloadermiddlewares.useragent.UserAgentMiddleware',
 'scrapy.downloadermiddlewares.retry.RetryMiddleware',
 'scrapy.downloadermiddlewares.redirect.MetaRefreshMiddleware',
 'scrapy.downloadermiddlewares.httpcompression.HttpCompressionMiddleware',
 'scrapy.downloadermiddlewares.redirect.RedirectMiddleware',
 'scrapy.downloadermiddlewares.cookies.CookiesMiddleware',
 'scrapy.downloadermiddlewares.httpproxy.HttpProxyMiddleware',
 'scrapy.downloadermiddlewares.stats.DownloaderStats']
2020-04-19 01:05:21 [scrapy.middleware] INFO: Enabled spider middlewares:
['scrapy.spidermiddlewares.httperror.HttpErrorMiddleware',
 'scrapy.spidermiddlewares.offsite.OffsiteMiddleware',
 'scrapy.spidermiddlewares.referer.RefererMiddleware',
 'scrapy.spidermiddlewares.urllength.UrlLengthMiddleware',
 'scrapy.spidermiddlewares.depth.DepthMiddleware']
2020-04-19 01:05:21 [scrapy.middleware] INFO: Enabled item pipelines:
[]
2020-04-19 01:05:21 [scrapy.core.engine] INFO: Spider opened
2020-04-19 01:05:21 [scrapy.extensions.logstats] INFO: Crawled 0 pages (at 0 pages/min), scraped 0 items (at 0 items/min)
2020-04-19 01:05:21 [scrapy.extensions.telnet] INFO: Telnet console listening on 127.0.0.1:6023
2020-04-19 01:05:22 [py.warnings] WARNING: d:\python\envs\system_env\lib\site-packages\scrapy\spidermiddlewares\referer.py:283: RuntimeWarning: Could not load referrer policy 'origin-when-cross-origin, strict-origin-when-cross-origin'
  warnings.warn(msg, RuntimeWarning)

2020-04-19 01:05:24 [scrapy.core.engine] INFO: Closing spider (finished)
2020-04-19 01:05:24 [scrapy.statscollectors] INFO: Dumping Scrapy stats:
{'downloader/request_bytes': 4289,
 'downloader/request_count': 3,
 'downloader/request_method_count/GET': 2,
 'downloader/request_method_count/POST': 1,
 'downloader/response_bytes': 23971,
 'downloader/response_count': 3,
 'downloader/response_status_count/200': 2,
 'downloader/response_status_count/302': 1,
 'elapsed_time_seconds': 2.978,
 'finish_reason': 'finished',
 'finish_time': datetime.datetime(2020, 4, 18, 17, 5, 24, 84000),
 'log_count/INFO': 10,
 'log_count/WARNING': 1,
 'request_depth_max': 1,
 'response_received_count': 2,
 'scheduler/dequeued': 3,
 'scheduler/dequeued/memory': 3,
 'scheduler/enqueued': 3,
 'scheduler/enqueued/memory': 3,
 'start_time': datetime.datetime(2020, 4, 18, 17, 5, 21, 106000)}
2020-04-19 01:05:24 [scrapy.core.engine] INFO: Spider closed (finished)
2020-04-19 01:08:26 [scrapy.utils.log] INFO: Scrapy 2.0.1 started (bot: scrapy_demo03)
2020-04-19 01:08:26 [scrapy.utils.log] INFO: Versions: lxml 4.5.0.0, libxml2 2.9.5, cssselect 1.1.0, parsel 1.5.2, w3lib 1.21.0, Twisted 20.3.0, Python 3.7.2 (tags/v3.7.2:9a3ffc0492, Dec 23 2018, 23:09:28) [MSC v.1916 64 bit (AMD64)], pyOpenSSL 19.1.0 (OpenSSL 1.1.1f  31 Mar 2020), cryptography 2.9, Platform Windows-7-6.1.7601-SP1
2020-04-19 01:08:26 [scrapy.crawler] INFO: Overridden settings:
{'BOT_NAME': 'scrapy_demo03',
 'LOG_FILE': './info.log',
 'LOG_LEVEL': 'INFO',
 'NEWSPIDER_MODULE': 'scrapy_demo03.spiders',
 'SPIDER_MODULES': ['scrapy_demo03.spiders'],
 'USER_AGENT': 'Mozilla/5.0 (Windows NT 6.1) AppleWebKit/537.36 (KHTML, like '
               'Gecko) Chrome/27.0.1453.93 Safari/537.36'}
2020-04-19 01:08:26 [scrapy.extensions.telnet] INFO: Telnet Password: b7c7438a01b7165a
2020-04-19 01:08:26 [scrapy.middleware] INFO: Enabled extensions:
['scrapy.extensions.corestats.CoreStats',
 'scrapy.extensions.telnet.TelnetConsole',
 'scrapy.extensions.logstats.LogStats']
2020-04-19 01:08:27 [scrapy.middleware] INFO: Enabled downloader middlewares:
['scrapy.downloadermiddlewares.httpauth.HttpAuthMiddleware',
 'scrapy.downloadermiddlewares.downloadtimeout.DownloadTimeoutMiddleware',
 'scrapy.downloadermiddlewares.defaultheaders.DefaultHeadersMiddleware',
 'scrapy.downloadermiddlewares.useragent.UserAgentMiddleware',
 'scrapy.downloadermiddlewares.retry.RetryMiddleware',
 'scrapy.downloadermiddlewares.redirect.MetaRefreshMiddleware',
 'scrapy.downloadermiddlewares.httpcompression.HttpCompressionMiddleware',
 'scrapy.downloadermiddlewares.redirect.RedirectMiddleware',
 'scrapy.downloadermiddlewares.cookies.CookiesMiddleware',
 'scrapy.downloadermiddlewares.httpproxy.HttpProxyMiddleware',
 'scrapy.downloadermiddlewares.stats.DownloaderStats']
2020-04-19 01:08:27 [scrapy.middleware] INFO: Enabled spider middlewares:
['scrapy.spidermiddlewares.httperror.HttpErrorMiddleware',
 'scrapy.spidermiddlewares.offsite.OffsiteMiddleware',
 'scrapy.spidermiddlewares.referer.RefererMiddleware',
 'scrapy.spidermiddlewares.urllength.UrlLengthMiddleware',
 'scrapy.spidermiddlewares.depth.DepthMiddleware']
2020-04-19 01:08:27 [scrapy.middleware] INFO: Enabled item pipelines:
[]
2020-04-19 01:08:27 [scrapy.core.engine] INFO: Spider opened
2020-04-19 01:08:27 [scrapy.extensions.logstats] INFO: Crawled 0 pages (at 0 pages/min), scraped 0 items (at 0 items/min)
2020-04-19 01:08:27 [scrapy.extensions.telnet] INFO: Telnet console listening on 127.0.0.1:6023
2020-04-19 01:08:31 [py.warnings] WARNING: d:\python\envs\system_env\lib\site-packages\scrapy\spidermiddlewares\referer.py:283: RuntimeWarning: Could not load referrer policy 'origin-when-cross-origin, strict-origin-when-cross-origin'
  warnings.warn(msg, RuntimeWarning)

2020-04-19 01:08:40 [scrapy.core.engine] INFO: Closing spider (finished)
2020-04-19 01:08:40 [scrapy.statscollectors] INFO: Dumping Scrapy stats:
{'downloader/request_bytes': 4489,
 'downloader/request_count': 3,
 'downloader/request_method_count/GET': 2,
 'downloader/request_method_count/POST': 1,
 'downloader/response_bytes': 39333,
 'downloader/response_count': 3,
 'downloader/response_status_count/200': 2,
 'downloader/response_status_count/302': 1,
 'elapsed_time_seconds': 13.089,
 'finish_reason': 'finished',
 'finish_time': datetime.datetime(2020, 4, 18, 17, 8, 40, 193000),
 'log_count/INFO': 10,
 'log_count/WARNING': 1,
 'request_depth_max': 1,
 'response_received_count': 2,
 'scheduler/dequeued': 3,
 'scheduler/dequeued/memory': 3,
 'scheduler/enqueued': 3,
 'scheduler/enqueued/memory': 3,
 'start_time': datetime.datetime(2020, 4, 18, 17, 8, 27, 104000)}
2020-04-19 01:08:40 [scrapy.core.engine] INFO: Spider closed (finished)
